<?xml version="1.0" encoding="UTF-8" standalone="no"?><!DOCTYPE report PUBLIC "-//JACOCO//DTD Report 1.1//EN" "report.dtd"><report name="Pester (06/19/2020 05:30:40)"><sessioninfo id="this" start="1592544636291" dump="1592544640740" /><package name="powershell"><class name="powershell/build_utils" sourcefilename="build_utils.ps1"><method name="Publish-SMBModule" desc="()" line="37"><counter type="INSTRUCTION" missed="24" covered="0" /><counter type="LINE" missed="15" covered="0" /><counter type="METHOD" missed="1" covered="0" /></method><method name="Publish-ArtifactZip" desc="()" line="91"><counter type="INSTRUCTION" missed="11" covered="0" /><counter type="LINE" missed="9" covered="0" /><counter type="METHOD" missed="1" covered="0" /></method><method name="Publish-NugetPackage" desc="()" line="131"><counter type="INSTRUCTION" missed="21" covered="0" /><counter type="LINE" missed="18" covered="0" /><counter type="METHOD" missed="1" covered="0" /></method><method name="Install-Nuget" desc="()" line="186"><counter type="INSTRUCTION" missed="10" covered="0" /><counter type="LINE" missed="8" covered="0" /><counter type="METHOD" missed="1" covered="0" /></method><method name="Publish-CoverageHTML" desc="()" line="229"><counter type="INSTRUCTION" missed="35" covered="0" /><counter type="LINE" missed="30" covered="0" /><counter type="METHOD" missed="1" covered="0" /></method><counter type="INSTRUCTION" missed="101" covered="0" /><counter type="LINE" missed="80" covered="0" /><counter type="METHOD" missed="5" covered="0" /><counter type="CLASS" missed="1" covered="0" /></class><class name="powershell/Eden.build" sourcefilename="Eden.build.ps1"><method name="&lt;script&gt;" desc="()" line="2"><counter type="INSTRUCTION" missed="133" covered="0" /><counter type="LINE" missed="101" covered="0" /><counter type="METHOD" missed="1" covered="0" /></method><counter type="INSTRUCTION" missed="133" covered="0" /><counter type="LINE" missed="101" covered="0" /><counter type="METHOD" missed="1" covered="0" /><counter type="CLASS" missed="1" covered="0" /></class><class name="powershell/Eden.settings" sourcefilename="Eden.settings.ps1"><method name="&lt;script&gt;" desc="()" line="14"><counter type="INSTRUCTION" missed="20" covered="0" /><counter type="LINE" missed="20" covered="0" /><counter type="METHOD" missed="1" covered="0" /></method><counter type="INSTRUCTION" missed="20" covered="0" /><counter type="LINE" missed="20" covered="0" /><counter type="METHOD" missed="1" covered="0" /><counter type="CLASS" missed="1" covered="0" /></class><class name="powershell/Setup" sourcefilename="Setup.ps1"><method name="&lt;script&gt;" desc="()" line="1"><counter type="INSTRUCTION" missed="3" covered="0" /><counter type="LINE" missed="3" covered="0" /><counter type="METHOD" missed="1" covered="0" /></method><counter type="INSTRUCTION" missed="3" covered="0" /><counter type="LINE" missed="3" covered="0" /><counter type="METHOD" missed="1" covered="0" /><counter type="CLASS" missed="1" covered="0" /></class><sourcefile name="build_utils.ps1"><line nr="37" mi="1" ci="0" mb="0" cb="0" /><line nr="40" mi="2" ci="0" mb="0" cb="0" /><line nr="41" mi="2" ci="0" mb="0" cb="0" /><line nr="43" mi="2" ci="0" mb="0" cb="0" /><line nr="44" mi="1" ci="0" mb="0" cb="0" /><line nr="50" mi="2" ci="0" mb="0" cb="0" /><line nr="51" mi="1" ci="0" mb="0" cb="0" /><line nr="53" mi="2" ci="0" mb="0" cb="0" /><line nr="54" mi="3" ci="0" mb="0" cb="0" /><line nr="55" mi="1" ci="0" mb="0" cb="0" /><line nr="56" mi="1" ci="0" mb="0" cb="0" /><line nr="61" mi="2" ci="0" mb="0" cb="0" /><line nr="64" mi="1" ci="0" mb="0" cb="0" /><line nr="65" mi="1" ci="0" mb="0" cb="0" /><line nr="70" mi="2" ci="0" mb="0" cb="0" /><line nr="91" mi="1" ci="0" mb="0" cb="0" /><line nr="92" mi="1" ci="0" mb="0" cb="0" /><line nr="93" mi="1" ci="0" mb="0" cb="0" /><line nr="94" mi="1" ci="0" mb="0" cb="0" /><line nr="96" mi="3" ci="0" mb="0" cb="0" /><line nr="97" mi="1" ci="0" mb="0" cb="0" /><line nr="98" mi="1" ci="0" mb="0" cb="0" /><line nr="100" mi="1" ci="0" mb="0" cb="0" /><line nr="101" mi="1" ci="0" mb="0" cb="0" /><line nr="131" mi="3" ci="0" mb="0" cb="0" /><line nr="132" mi="1" ci="0" mb="0" cb="0" /><line nr="134" mi="1" ci="0" mb="0" cb="0" /><line nr="136" mi="1" ci="0" mb="0" cb="0" /><line nr="137" mi="1" ci="0" mb="0" cb="0" /><line nr="138" mi="1" ci="0" mb="0" cb="0" /><line nr="139" mi="1" ci="0" mb="0" cb="0" /><line nr="140" mi="1" ci="0" mb="0" cb="0" /><line nr="141" mi="1" ci="0" mb="0" cb="0" /><line nr="142" mi="1" ci="0" mb="0" cb="0" /><line nr="143" mi="1" ci="0" mb="0" cb="0" /><line nr="144" mi="1" ci="0" mb="0" cb="0" /><line nr="145" mi="1" ci="0" mb="0" cb="0" /><line nr="148" mi="1" ci="0" mb="0" cb="0" /><line nr="150" mi="2" ci="0" mb="0" cb="0" /><line nr="153" mi="1" ci="0" mb="0" cb="0" /><line nr="154" mi="1" ci="0" mb="0" cb="0" /><line nr="156" mi="1" ci="0" mb="0" cb="0" /><line nr="186" mi="1" ci="0" mb="0" cb="0" /><line nr="187" mi="1" ci="0" mb="0" cb="0" /><line nr="188" mi="1" ci="0" mb="0" cb="0" /><line nr="190" mi="1" ci="0" mb="0" cb="0" /><line nr="193" mi="2" ci="0" mb="0" cb="0" /><line nr="195" mi="1" ci="0" mb="0" cb="0" /><line nr="198" mi="2" ci="0" mb="0" cb="0" /><line nr="200" mi="1" ci="0" mb="0" cb="0" /><line nr="229" mi="2" ci="0" mb="0" cb="0" /><line nr="230" mi="2" ci="0" mb="0" cb="0" /><line nr="231" mi="1" ci="0" mb="0" cb="0" /><line nr="232" mi="1" ci="0" mb="0" cb="0" /><line nr="233" mi="1" ci="0" mb="0" cb="0" /><line nr="234" mi="1" ci="0" mb="0" cb="0" /><line nr="236" mi="2" ci="0" mb="0" cb="0" /><line nr="237" mi="2" ci="0" mb="0" cb="0" /><line nr="239" mi="1" ci="0" mb="0" cb="0" /><line nr="240" mi="1" ci="0" mb="0" cb="0" /><line nr="242" mi="1" ci="0" mb="0" cb="0" /><line nr="245" mi="1" ci="0" mb="0" cb="0" /><line nr="246" mi="1" ci="0" mb="0" cb="0" /><line nr="248" mi="1" ci="0" mb="0" cb="0" /><line nr="251" mi="1" ci="0" mb="0" cb="0" /><line nr="280" mi="1" ci="0" mb="0" cb="0" /><line nr="281" mi="1" ci="0" mb="0" cb="0" /><line nr="282" mi="1" ci="0" mb="0" cb="0" /><line nr="286" mi="2" ci="0" mb="0" cb="0" /><line nr="296" mi="1" ci="0" mb="0" cb="0" /><line nr="300" mi="1" ci="0" mb="0" cb="0" /><line nr="304" mi="1" ci="0" mb="0" cb="0" /><line nr="308" mi="1" ci="0" mb="0" cb="0" /><line nr="313" mi="1" ci="0" mb="0" cb="0" /><line nr="314" mi="1" ci="0" mb="0" cb="0" /><line nr="317" mi="1" ci="0" mb="0" cb="0" /><line nr="318" mi="1" ci="0" mb="0" cb="0" /><line nr="321" mi="1" ci="0" mb="0" cb="0" /><line nr="322" mi="1" ci="0" mb="0" cb="0" /><line nr="329" mi="1" ci="0" mb="0" cb="0" /><counter type="INSTRUCTION" missed="101" covered="0" /><counter type="LINE" missed="80" covered="0" /><counter type="METHOD" missed="5" covered="0" /><counter type="CLASS" missed="1" covered="0" /></sourcefile><sourcefile name="Eden.build.ps1"><line nr="2" mi="1" ci="0" mb="0" cb="0" /><line nr="5" mi="1" ci="0" mb="0" cb="0" /><line nr="8" mi="1" ci="0" mb="0" cb="0" /><line nr="11" mi="1" ci="0" mb="0" cb="0" /><line nr="14" mi="1" ci="0" mb="0" cb="0" /><line nr="17" mi="1" ci="0" mb="0" cb="0" /><line nr="19" mi="1" ci="0" mb="0" cb="0" /><line nr="20" mi="1" ci="0" mb="0" cb="0" /><line nr="22" mi="1" ci="0" mb="0" cb="0" /><line nr="23" mi="1" ci="0" mb="0" cb="0" /><line nr="25" mi="1" ci="0" mb="0" cb="0" /><line nr="26" mi="1" ci="0" mb="0" cb="0" /><line nr="28" mi="1" ci="0" mb="0" cb="0" /><line nr="29" mi="1" ci="0" mb="0" cb="0" /><line nr="33" mi="1" ci="0" mb="0" cb="0" /><line nr="34" mi="1" ci="0" mb="0" cb="0" /><line nr="36" mi="1" ci="0" mb="0" cb="0" /><line nr="39" mi="1" ci="0" mb="0" cb="0" /><line nr="46" mi="1" ci="0" mb="0" cb="0" /><line nr="47" mi="1" ci="0" mb="0" cb="0" /><line nr="48" mi="1" ci="0" mb="0" cb="0" /><line nr="49" mi="2" ci="0" mb="0" cb="0" /><line nr="50" mi="1" ci="0" mb="0" cb="0" /><line nr="51" mi="1" ci="0" mb="0" cb="0" /><line nr="52" mi="1" ci="0" mb="0" cb="0" /><line nr="55" mi="1" ci="0" mb="0" cb="0" /><line nr="58" mi="4" ci="0" mb="0" cb="0" /><line nr="60" mi="1" ci="0" mb="0" cb="0" /><line nr="61" mi="2" ci="0" mb="0" cb="0" /><line nr="67" mi="1" ci="0" mb="0" cb="0" /><line nr="68" mi="1" ci="0" mb="0" cb="0" /><line nr="69" mi="1" ci="0" mb="0" cb="0" /><line nr="70" mi="1" ci="0" mb="0" cb="0" /><line nr="71" mi="1" ci="0" mb="0" cb="0" /><line nr="72" mi="1" ci="0" mb="0" cb="0" /><line nr="73" mi="1" ci="0" mb="0" cb="0" /><line nr="74" mi="2" ci="0" mb="0" cb="0" /><line nr="75" mi="1" ci="0" mb="0" cb="0" /><line nr="77" mi="1" ci="0" mb="0" cb="0" /><line nr="78" mi="1" ci="0" mb="0" cb="0" /><line nr="79" mi="1" ci="0" mb="0" cb="0" /><line nr="81" mi="1" ci="0" mb="0" cb="0" /><line nr="82" mi="1" ci="0" mb="0" cb="0" /><line nr="83" mi="2" ci="0" mb="0" cb="0" /><line nr="84" mi="2" ci="0" mb="0" cb="0" /><line nr="86" mi="1" ci="0" mb="0" cb="0" /><line nr="90" mi="1" ci="0" mb="0" cb="0" /><line nr="93" mi="4" ci="0" mb="0" cb="0" /><line nr="107" mi="1" ci="0" mb="0" cb="0" /><line nr="108" mi="1" ci="0" mb="0" cb="0" /><line nr="109" mi="1" ci="0" mb="0" cb="0" /><line nr="110" mi="1" ci="0" mb="0" cb="0" /><line nr="111" mi="1" ci="0" mb="0" cb="0" /><line nr="112" mi="1" ci="0" mb="0" cb="0" /><line nr="113" mi="2" ci="0" mb="0" cb="0" /><line nr="114" mi="2" ci="0" mb="0" cb="0" /><line nr="115" mi="2" ci="0" mb="0" cb="0" /><line nr="116" mi="1" ci="0" mb="0" cb="0" /><line nr="119" mi="1" ci="0" mb="0" cb="0" /><line nr="123" mi="1" ci="0" mb="0" cb="0" /><line nr="125" mi="2" ci="0" mb="0" cb="0" /><line nr="126" mi="1" ci="0" mb="0" cb="0" /><line nr="127" mi="3" ci="0" mb="0" cb="0" /><line nr="130" mi="2" ci="0" mb="0" cb="0" /><line nr="131" mi="3" ci="0" mb="0" cb="0" /><line nr="132" mi="3" ci="0" mb="0" cb="0" /><line nr="136" mi="1" ci="0" mb="0" cb="0" /><line nr="137" mi="1" ci="0" mb="0" cb="0" /><line nr="138" mi="1" ci="0" mb="0" cb="0" /><line nr="139" mi="1" ci="0" mb="0" cb="0" /><line nr="142" mi="1" ci="0" mb="0" cb="0" /><line nr="144" mi="1" ci="0" mb="0" cb="0" /><line nr="145" mi="1" ci="0" mb="0" cb="0" /><line nr="146" mi="1" ci="0" mb="0" cb="0" /><line nr="147" mi="1" ci="0" mb="0" cb="0" /><line nr="148" mi="1" ci="0" mb="0" cb="0" /><line nr="149" mi="1" ci="0" mb="0" cb="0" /><line nr="150" mi="1" ci="0" mb="0" cb="0" /><line nr="151" mi="1" ci="0" mb="0" cb="0" /><line nr="152" mi="1" ci="0" mb="0" cb="0" /><line nr="153" mi="1" ci="0" mb="0" cb="0" /><line nr="156" mi="1" ci="0" mb="0" cb="0" /><line nr="160" mi="1" ci="0" mb="0" cb="0" /><line nr="161" mi="1" ci="0" mb="0" cb="0" /><line nr="162" mi="1" ci="0" mb="0" cb="0" /><line nr="165" mi="1" ci="0" mb="0" cb="0" /><line nr="168" mi="1" ci="0" mb="0" cb="0" /><line nr="169" mi="1" ci="0" mb="0" cb="0" /><line nr="170" mi="1" ci="0" mb="0" cb="0" /><line nr="173" mi="2" ci="0" mb="0" cb="0" /><line nr="174" mi="5" ci="0" mb="0" cb="0" /><line nr="175" mi="3" ci="0" mb="0" cb="0" /><line nr="178" mi="1" ci="0" mb="0" cb="0" /><line nr="181" mi="1" ci="0" mb="0" cb="0" /><line nr="184" mi="2" ci="0" mb="0" cb="0" /><line nr="185" mi="3" ci="0" mb="0" cb="0" /><line nr="190" mi="1" ci="0" mb="0" cb="0" /><line nr="191" mi="1" ci="0" mb="0" cb="0" /><line nr="192" mi="1" ci="0" mb="0" cb="0" /><line nr="193" mi="1" ci="0" mb="0" cb="0" /><line nr="198" mi="1" ci="0" mb="0" cb="0" /><counter type="INSTRUCTION" missed="133" covered="0" /><counter type="LINE" missed="101" covered="0" /><counter type="METHOD" missed="1" covered="0" /><counter type="CLASS" missed="1" covered="0" /></sourcefile><sourcefile name="Eden.settings.ps1"><line nr="14" mi="1" ci="0" mb="0" cb="0" /><line nr="15" mi="1" ci="0" mb="0" cb="0" /><line nr="16" mi="1" ci="0" mb="0" cb="0" /><line nr="18" mi="1" ci="0" mb="0" cb="0" /><line nr="19" mi="1" ci="0" mb="0" cb="0" /><line nr="20" mi="1" ci="0" mb="0" cb="0" /><line nr="21" mi="1" ci="0" mb="0" cb="0" /><line nr="22" mi="1" ci="0" mb="0" cb="0" /><line nr="25" mi="1" ci="0" mb="0" cb="0" /><line nr="26" mi="1" ci="0" mb="0" cb="0" /><line nr="34" mi="1" ci="0" mb="0" cb="0" /><line nr="37" mi="1" ci="0" mb="0" cb="0" /><line nr="44" mi="1" ci="0" mb="0" cb="0" /><line nr="47" mi="1" ci="0" mb="0" cb="0" /><line nr="54" mi="1" ci="0" mb="0" cb="0" /><line nr="57" mi="1" ci="0" mb="0" cb="0" /><line nr="64" mi="1" ci="0" mb="0" cb="0" /><line nr="67" mi="1" ci="0" mb="0" cb="0" /><line nr="74" mi="1" ci="0" mb="0" cb="0" /><line nr="77" mi="1" ci="0" mb="0" cb="0" /><counter type="INSTRUCTION" missed="20" covered="0" /><counter type="LINE" missed="20" covered="0" /><counter type="METHOD" missed="1" covered="0" /><counter type="CLASS" missed="1" covered="0" /></sourcefile><sourcefile name="Setup.ps1"><line nr="1" mi="1" ci="0" mb="0" cb="0" /><line nr="2" mi="1" ci="0" mb="0" cb="0" /><line nr="3" mi="1" ci="0" mb="0" cb="0" /><counter type="INSTRUCTION" missed="3" covered="0" /><counter type="LINE" missed="3" covered="0" /><counter type="METHOD" missed="1" covered="0" /><counter type="CLASS" missed="1" covered="0" /></sourcefile><counter type="INSTRUCTION" missed="257" covered="0" /><counter type="LINE" missed="204" covered="0" /><counter type="METHOD" missed="8" covered="0" /><counter type="CLASS" missed="4" covered="0" /></package><counter type="INSTRUCTION" missed="257" covered="0" /><counter type="LINE" missed="204" covered="0" /><counter type="METHOD" missed="8" covered="0" /><counter type="CLASS" missed="4" covered="0" /></report>
