<?xml version="1.0" encoding="UTF-8" standalone="no"?><!DOCTYPE report PUBLIC "-//JACOCO//DTD Report 1.1//EN" "report.dtd"><report name="Pester (06/17/2020 23:00:37)"><sessioninfo id="this" start="1592434837398" dump="1592434837866" /><package name="powershell"><class name="powershell/CoverageTest" sourcefilename="CoverageTest.ps1"><method name="FunctionOne" desc="()" line="3"><counter type="INSTRUCTION" missed="3" covered="0" /><counter type="LINE" missed="3" covered="0" /><counter type="METHOD" missed="1" covered="0" /></method><method name="FunctionTwo" desc="()" line="15"><counter type="INSTRUCTION" missed="2" covered="0" /><counter type="LINE" missed="2" covered="0" /><counter type="METHOD" missed="1" covered="0" /></method><counter type="INSTRUCTION" missed="5" covered="0" /><counter type="LINE" missed="5" covered="0" /><counter type="METHOD" missed="2" covered="0" /><counter type="CLASS" missed="1" covered="0" /></class><sourcefile name="CoverageTest.ps1"><line nr="3" mi="1" ci="0" mb="0" cb="0" /><line nr="5" mi="1" ci="0" mb="0" cb="0" /><line nr="9" mi="1" ci="0" mb="0" cb="0" /><line nr="15" mi="1" ci="0" mb="0" cb="0" /><line nr="16" mi="1" ci="0" mb="0" cb="0" /><counter type="INSTRUCTION" missed="5" covered="0" /><counter type="LINE" missed="5" covered="0" /><counter type="METHOD" missed="2" covered="0" /><counter type="CLASS" missed="1" covered="0" /></sourcefile><counter type="INSTRUCTION" missed="5" covered="0" /><counter type="LINE" missed="5" covered="0" /><counter type="METHOD" missed="2" covered="0" /><counter type="CLASS" missed="1" covered="0" /></package><counter type="INSTRUCTION" missed="5" covered="0" /><counter type="LINE" missed="5" covered="0" /><counter type="METHOD" missed="2" covered="0" /><counter type="CLASS" missed="1" covered="0" /></report>
